FILE_TYPE=LIBRARY_PARTS;
PRIMITIVE '2894','2894_Other';
  PIN
    '+':
      PIN_NUMBER='(1)';
      NO_LOAD_CHECK=BOTH;
      NO_IO_CHECK=BOTH;
      ALLOW_CONNECT=TRUE;
      PINUSE='UNSPEC';
    '-':
      PIN_NUMBER='(2)';
      NO_LOAD_CHECK=BOTH;
      NO_IO_CHECK=BOTH;
      ALLOW_CONNECT=TRUE;
      PINUSE='UNSPEC';
    'MP1':
      PIN_NUMBER='(MP1)';
      NO_LOAD_CHECK=BOTH;
      NO_IO_CHECK=BOTH;
      ALLOW_CONNECT=TRUE;
      PINUSE='UNSPEC';
  END_PIN;
  BODY
    PART_NAME='2894';
    PHYS_DES_PREFIX='H';
    NO_LOAD_CHECK='TRUE';
    PIN_COUNT='3';
    BODY_NAME='2894';
    JEDEC_TYPE='2894';
  END_BODY;
END_PRIMITIVE;
END.
